# JRE version: Java(TM) SE Runtime Environment (16.0.2+7) (build 16.0.2+7-67)
# Java VM: Java HotSpot(TM) 64-Bit Server VM (16.0.2+7-67, mixed mode, sharing, tiered, compressed oops, compressed class ptrs, g1 gc, windows-amd64)
GC Precious Log:
 CPUs: 8 total, 8 available
 Memory: 8069M
 Large Page Support: Disabled
 NUMA Support: Disabled
 Compressed Oops: Enabled (32-bit)
 Heap Region Size: 1M
 Heap Min Capacity: 8M
 Heap Initial Capacity: 128M
 Heap Max Capacity: 2G
 Pre-touch: Disabled
 Parallel Workers: 8
 Concurrent Workers: 2
 Concurrent Refinement Workers: 8
 Periodic GC: Disabled
Heap:
 garbage-first heap   total 78848K, used 44414K [0x0000000080000000, 0x0000000100000000)
  region size 1024K, 4 young (4096K), 2 survivors (2048K)
 Metaspace       used 51890K, committed 52480K, reserved 471040K
  class space    used 7110K, committed 7360K, reserved 421888K
GC Heap History (20 events):
Event: 24.878 GC heap before
{Heap before GC invocations=7 (full 0):
 garbage-first heap   total 75776K, used 54738K [0x0000000080000000, 0x0000000100000000)
  region size 1024K, 31 young (31744K), 4 survivors (4096K)
 Metaspace       used 33180K, committed 33600K, reserved 454656K
  class space    used 4504K, committed 4672K, reserved 421888K
}
Event: 24.884 GC heap after
{Heap after GC invocations=8 (full 0):
 garbage-first heap   total 75776K, used 29745K [0x0000000080000000, 0x0000000100000000)
  region size 1024K, 3 young (3072K), 3 survivors (3072K)
 Metaspace       used 33180K, committed 33600K, reserved 454656K
  class space    used 4504K, committed 4672K, reserved 421888K
}
Event: 25.670 GC heap before
{Heap before GC invocations=8 (full 0):
 garbage-first heap   total 75776K, used 50225K [0x0000000080000000, 0x0000000100000000)
  region size 1024K, 24 young (24576K), 3 survivors (3072K)
 Metaspace       used 35094K, committed 35520K, reserved 454656K
  class space    used 4694K, committed 4928K, reserved 421888K
}
Event: 25.677 GC heap after
{Heap after GC invocations=9 (full 0):
 garbage-first heap   total 75776K, used 31053K [0x0000000080000000, 0x0000000100000000)
  region size 1024K, 2 young (2048K), 2 survivors (2048K)
 Metaspace       used 35094K, committed 35520K, reserved 454656K
  class space    used 4694K, committed 4928K, reserved 421888K
}
Event: 27.112 GC heap before
{Heap before GC invocations=10 (full 0):
 garbage-first heap   total 75776K, used 56653K [0x0000000080000000, 0x0000000100000000)
  region size 1024K, 27 young (27648K), 2 survivors (2048K)
 Metaspace       used 37564K, committed 38016K, reserved 462848K
  class space    used 5110K, committed 5312K, reserved 421888K
}
Event: 27.118 GC heap after
{Heap after GC invocations=11 (full 0):
 garbage-first heap   total 75776K, used 33116K [0x0000000080000000, 0x0000000100000000)
  region size 1024K, 4 young (4096K), 4 survivors (4096K)
 Metaspace       used 37564K, committed 38016K, reserved 462848K
  class space    used 5110K, committed 5312K, reserved 421888K
}
Event: 29.289 GC heap before
{Heap before GC invocations=11 (full 0):
 garbage-first heap   total 75776K, used 57692K [0x0000000080000000, 0x0000000100000000)
  region size 1024K, 28 young (28672K), 4 survivors (4096K)
 Metaspace       used 40837K, committed 41344K, reserved 462848K
  class space    used 5585K, committed 5824K, reserved 421888K
}
Event: 29.294 GC heap after
{Heap after GC invocations=12 (full 0):
 garbage-first heap   total 75776K, used 34157K [0x0000000080000000, 0x0000000100000000)
  region size 1024K, 2 young (2048K), 2 survivors (2048K)
 Metaspace       used 40837K, committed 41344K, reserved 462848K
  class space    used 5585K, committed 5824K, reserved 421888K
}
Event: 30.352 GC heap before
{Heap before GC invocations=12 (full 0):
 garbage-first heap   total 75776K, used 43373K [0x0000000080000000, 0x0000000100000000)
  region size 1024K, 13 young (13312K), 2 survivors (2048K)
 Metaspace       used 41532K, committed 41984K, reserved 462848K
  class space    used 5686K, committed 5888K, reserved 421888K
}
Event: 30.357 GC heap after
{Heap after GC invocations=13 (full 0):
 garbage-first heap   total 75776K, used 34907K [0x0000000080000000, 0x0000000100000000)
  region size 1024K, 2 young (2048K), 2 survivors (2048K)
 Metaspace       used 41532K, committed 41984K, reserved 462848K
  class space    used 5686K, committed 5888K, reserved 421888K
}
Event: 30.653 GC heap before
{Heap before GC invocations=14 (full 0):
 garbage-first heap   total 75776K, used 36955K [0x0000000080000000, 0x0000000100000000)
  region size 1024K, 5 young (5120K), 2 survivors (2048K)
 Metaspace       used 41846K, committed 42368K, reserved 462848K
  class space    used 5723K, committed 5952K, reserved 421888K
}
Event: 30.658 GC heap after
{Heap after GC invocations=15 (full 0):
 garbage-first heap   total 75776K, used 36719K [0x0000000080000000, 0x0000000100000000)
  region size 1024K, 3 young (3072K), 3 survivors (3072K)
 Metaspace       used 41846K, committed 42368K, reserved 462848K
  class space    used 5723K, committed 5952K, reserved 421888K
}
Event: 32.060 GC heap before
{Heap before GC invocations=16 (full 0):
 garbage-first heap   total 75776K, used 61295K [0x0000000080000000, 0x0000000100000000)
  region size 1024K, 24 young (24576K), 3 survivors (3072K)
 Metaspace       used 45022K, committed 45568K, reserved 462848K
  class space    used 6160K, committed 6400K, reserved 421888K
}
Event: 32.066 GC heap after
{Heap after GC invocations=17 (full 0):
 garbage-first heap   total 75776K, used 41945K [0x0000000080000000, 0x0000000100000000)
  region size 1024K, 3 young (3072K), 3 survivors (3072K)
 Metaspace       used 45022K, committed 45568K, reserved 462848K
  class space    used 6160K, committed 6400K, reserved 421888K
}
Event: 33.177 GC heap before
{Heap before GC invocations=17 (full 0):
 garbage-first heap   total 75776K, used 60377K [0x0000000080000000, 0x0000000100000000)
  region size 1024K, 21 young (21504K), 3 survivors (3072K)
 Metaspace       used 47027K, committed 47616K, reserved 471040K
  class space    used 6442K, committed 6720K, reserved 421888K
}
Event: 33.183 GC heap after
{Heap after GC invocations=18 (full 0):
 garbage-first heap   total 75776K, used 42984K [0x0000000080000000, 0x0000000100000000)
  region size 1024K, 2 young (2048K), 2 survivors (2048K)
 Metaspace       used 47027K, committed 47616K, reserved 471040K
  class space    used 6442K, committed 6720K, reserved 421888K
}
Event: 34.558 GC heap before
{Heap before GC invocations=19 (full 0):
 garbage-first heap   total 78848K, used 59368K [0x0000000080000000, 0x0000000100000000)
  region size 1024K, 19 young (19456K), 2 survivors (2048K)
 Metaspace       used 48923K, committed 49472K, reserved 471040K
  class space    used 6734K, committed 6976K, reserved 421888K
}
Event: 34.562 GC heap after
{Heap after GC invocations=20 (full 0):
 garbage-first heap   total 78848K, used 43843K [0x0000000080000000, 0x0000000100000000)
  region size 1024K, 2 young (2048K), 2 survivors (2048K)
 Metaspace       used 48923K, committed 49472K, reserved 471040K
  class space    used 6734K, committed 6976K, reserved 421888K
}
Event: 35.594 GC heap before
{Heap before GC invocations=20 (full 0):
 garbage-first heap   total 78848K, used 64323K [0x0000000080000000, 0x0000000100000000)
  region size 1024K, 22 young (22528K), 2 survivors (2048K)
 Metaspace       used 51805K, committed 52352K, reserved 471040K
  class space    used 7100K, committed 7360K, reserved 421888K
}
Event: 35.599 GC heap after
{Heap after GC invocations=21 (full 0):
 garbage-first heap   total 78848K, used 44414K [0x0000000080000000, 0x0000000100000000)
  region size 1024K, 2 young (2048K), 2 survivors (2048K)
 Metaspace       used 51805K, committed 52352K, reserved 471040K
  class space    used 7100K, committed 7360K, reserved 421888K
}

